[debug] [2018-01-20T05:38:53.617Z] ----------------------------------------------------------------------
[debug] [2018-01-20T05:38:53.620Z] Command:       C:\Program Files\nodejs\node.exe C:\Users\L4FV\AppData\Roaming\npm\node_modules\firebase-tools\bin\firebase deploy
[debug] [2018-01-20T05:38:53.620Z] CLI Version:   3.17.1
[debug] [2018-01-20T05:38:53.620Z] Platform:      win32
[debug] [2018-01-20T05:38:53.620Z] Node Version:  v8.9.4
[debug] [2018-01-20T05:38:53.621Z] Time:          Sat Jan 20 2018 00:38:53 GMT-0500 (Hora est. Pacífico, Sudamérica)
[debug] [2018-01-20T05:38:53.621Z] ----------------------------------------------------------------------
[debug] 
[debug] [2018-01-20T05:38:53.640Z] > command requires scopes: ["email","openid","https://www.googleapis.com/auth/cloudplatformprojects.readonly","https://www.googleapis.com/auth/firebase","https://www.googleapis.com/auth/cloud-platform"]
[debug] [2018-01-20T05:38:53.641Z] > authorizing via signed-in user
[debug] [2018-01-20T05:38:53.644Z] >>> HTTP REQUEST GET https://admin.firebase.com/v1/projects/trivelapp-92  
  
 Sat Jan 20 2018 00:38:53 GMT-0500 (Hora est. Pacífico, Sudamérica)
[debug] [2018-01-20T05:39:02.417Z] ----------------------------------------------------------------------
[debug] [2018-01-20T05:39:02.420Z] Command:       C:\Program Files\nodejs\node.exe C:\Users\L4FV\AppData\Roaming\npm\node_modules\firebase-tools\bin\firebase deploy
[debug] [2018-01-20T05:39:02.420Z] CLI Version:   3.17.1
[debug] [2018-01-20T05:39:02.420Z] Platform:      win32
[debug] [2018-01-20T05:39:02.420Z] Node Version:  v8.9.4
[debug] [2018-01-20T05:39:02.421Z] Time:          Sat Jan 20 2018 00:39:02 GMT-0500 (Hora est. Pacífico, Sudamérica)
[debug] [2018-01-20T05:39:02.421Z] ----------------------------------------------------------------------
[debug] 
[debug] [2018-01-20T05:39:02.437Z] > command requires scopes: ["email","openid","https://www.googleapis.com/auth/cloudplatformprojects.readonly","https://www.googleapis.com/auth/firebase","https://www.googleapis.com/auth/cloud-platform"]
[debug] [2018-01-20T05:39:02.437Z] > authorizing via signed-in user
[debug] [2018-01-20T05:39:02.440Z] >>> HTTP REQUEST GET https://admin.firebase.com/v1/projects/trivelapp-92  
  
 Sat Jan 20 2018 00:39:02 GMT-0500 (Hora est. Pacífico, Sudamérica)
[debug] [2018-01-20T05:39:03.284Z] <<< HTTP RESPONSE 200
[debug] [2018-01-20T05:39:03.287Z] >>> HTTP REQUEST GET https://admin.firebase.com/v1/database/trivelapp-92/tokens  
  
 Sat Jan 20 2018 00:39:03 GMT-0500 (Hora est. Pacífico, Sudamérica)
[debug] [2018-01-20T05:39:04.180Z] <<< HTTP RESPONSE 200
[info] 
[info] === Deploying to 'trivelapp-92'...
[info] 
[info] i  deploying hosting
[info] i  hosting: preparing ./dist directory for upload...
[debug] [2018-01-20T05:39:05.399Z] >>> HTTP REQUEST PUT https://deploy.firebase.com/v1/hosting/trivelapp-92/uploads/-L3H3w94MiaMIjS9Hv5s?fileCount=29&message=  
  
 Sat Jan 20 2018 00:39:05 GMT-0500 (Hora est. Pacífico, Sudamérica)
